OpenJDK 64-Bit Server VM warning: Option UseConcMarkSweepGC was deprecated in version 9.0 and will likely be removed in a future release.
Gtk-Message: 13:39:34.878: Failed to load module "appmenu-gtk-module"
2020-02-17 13:40:31,866 [  58906]   WARN - til.ui.update.LazyUiDisposable - use application as a parent disposable 
OpenJDK 64-Bit Server VM warning: Option UseConcMarkSweepGC was deprecated in version 9.0 and will likely be removed in a future release.
Gtk-Message: 13:40:53.787: Failed to load module "appmenu-gtk-module"
2020-02-17 13:40:55,909 [   2488]   WARN - ess.util.ProgressIndicatorBase - This progress indicator is indeterminate, this may lead to visual inconsistency. Please call setIndeterminate(false) before you start progress.
com.intellij.openapi.project.impl.ProjectImpl.setProgressDuringInit(ProjectImpl.java:311) 
2020-02-17 13:41:03,303 [   9882]   WARN - tartup.impl.StartupManagerImpl - /home/yannis/Documents/uds/ift725/tp2/prog/ift725/.idea 
java.io.FileNotFoundException: /home/yannis/Documents/uds/ift725/tp2/prog/ift725/.idea
	at com.intellij.openapi.util.io.FileUtil.isFileSystemCaseSensitive(FileUtil.java:1470)
	at com.intellij.ide.startup.impl.StartupManagerImpl.checkFsSanity(StartupManagerImpl.java:322)
	at com.intellij.ide.startup.impl.StartupManagerImpl.runPostStartupActivities(StartupManagerImpl.java:256)
	at com.intellij.openapi.project.impl.ProjectManagerImpl.lambda$doLoadProject$10(ProjectManagerImpl.java:464)
	at com.intellij.openapi.application.TransactionGuardImpl$2.run(TransactionGuardImpl.java:309)
	at com.intellij.openapi.application.impl.LaterInvocator$FlushQueue.doRun(LaterInvocator.java:441)
	at com.intellij.openapi.application.impl.LaterInvocator$FlushQueue.runNextEvent(LaterInvocator.java:424)
	at com.intellij.openapi.application.impl.LaterInvocator$FlushQueue.run(LaterInvocator.java:407)
	at java.desktop/java.awt.event.InvocationEvent.dispatch(InvocationEvent.java:313)
	at java.desktop/java.awt.EventQueue.dispatchEventImpl(EventQueue.java:776)
	at java.desktop/java.awt.EventQueue$4.run(EventQueue.java:727)
	at java.desktop/java.awt.EventQueue$4.run(EventQueue.java:721)
	at java.base/java.security.AccessController.doPrivileged(Native Method)
	at java.base/java.security.ProtectionDomain$JavaSecurityAccessImpl.doIntersectionPrivilege(ProtectionDomain.java:85)
	at java.desktop/java.awt.EventQueue.dispatchEvent(EventQueue.java:746)
	at com.intellij.ide.IdeEventQueue.defaultDispatchEvent(IdeEventQueue.java:908)
	at com.intellij.ide.IdeEventQueue._dispatchEvent(IdeEventQueue.java:781)
	at com.intellij.ide.IdeEventQueue.lambda$dispatchEvent$8(IdeEventQueue.java:424)
	at com.intellij.openapi.progress.impl.CoreProgressManager.computePrioritized(CoreProgressManager.java:698)
	at com.intellij.ide.IdeEventQueue.dispatchEvent(IdeEventQueue.java:423)
	at java.desktop/java.awt.EventDispatchThread.pumpOneEventForFilters(EventDispatchThread.java:203)
	at java.desktop/java.awt.EventDispatchThread.pumpEventsForFilter(EventDispatchThread.java:124)
	at java.desktop/java.awt.EventDispatchThread.pumpEventsForHierarchy(EventDispatchThread.java:113)
	at java.desktop/java.awt.EventDispatchThread.pumpEvents(EventDispatchThread.java:109)
	at java.desktop/java.awt.EventDispatchThread.pumpEvents(EventDispatchThread.java:101)
	at java.desktop/java.awt.EventDispatchThread.run(EventDispatchThread.java:90)
2020-02-17 13:42:55,534 [ 122113]   WARN - ckaging.InstalledPackagesPanel - Cannot fetch the latest version of the installed package pkg-resources 
com.intellij.util.io.HttpRequests$HttpStatusException: Request failed with status code 404. Status=404, Url=https://pypi.python.org/pypi/pkg-resources/json
	at com.intellij.util.io.HttpRequests.throwHttpStatusError(HttpRequests.java:645)
	at com.intellij.util.io.HttpRequests.openConnection(HttpRequests.java:626)
	at com.intellij.util.io.HttpRequests.access$300(HttpRequests.java:56)
	at com.intellij.util.io.HttpRequests$RequestImpl.getConnection(HttpRequests.java:376)
	at com.intellij.util.io.HttpRequests$RequestImpl.getInputStream(HttpRequests.java:385)
	at com.intellij.util.io.HttpRequests$RequestImpl.getReader(HttpRequests.java:403)
	at com.intellij.util.io.HttpRequests$RequestImpl.getReader(HttpRequests.java:396)
	at com.jetbrains.python.packaging.PyPIPackageUtil$3.lambda$load$0(PyPIPackageUtil.java:108)
	at com.intellij.util.io.HttpRequests.doProcess(HttpRequests.java:518)
	at com.intellij.util.io.HttpRequests.process(HttpRequests.java:500)
	at com.intellij.util.io.HttpRequests.access$100(HttpRequests.java:56)
	at com.intellij.util.io.HttpRequests$RequestBuilderImpl.connect(HttpRequests.java:350)
	at com.jetbrains.python.packaging.PyPIPackageUtil$3.load(PyPIPackageUtil.java:108)
	at com.jetbrains.python.packaging.PyPIPackageUtil$3.load(PyPIPackageUtil.java:102)
	at com.google.common.cache.LocalCache$LoadingValueReference.loadFuture(LocalCache.java:3529)
	at com.google.common.cache.LocalCache$Segment.loadSync(LocalCache.java:2278)
	at com.google.common.cache.LocalCache$Segment.lockedGetOrLoad(LocalCache.java:2155)
	at com.google.common.cache.LocalCache$Segment.get(LocalCache.java:2045)
	at com.google.common.cache.LocalCache.get(LocalCache.java:3953)
	at com.google.common.cache.LocalCache.getOrLoad(LocalCache.java:3976)
	at com.google.common.cache.LocalCache$LocalLoadingCache.get(LocalCache.java:4960)
	at com.jetbrains.python.packaging.PyPIPackageUtil.getCachedValueOrRethrowIO(PyPIPackageUtil.java:226)
	at com.jetbrains.python.packaging.PyPIPackageUtil.refreshAndGetPackageDetailsFromPyPI(PyPIPackageUtil.java:174)
	at com.jetbrains.python.packaging.PyPIPackageUtil.getPackageVersionsFromPyPI(PyPIPackageUtil.java:201)
	at com.jetbrains.python.packaging.PyPIPackageUtil.getLatestPackageVersionFromPyPI(PyPIPackageUtil.java:210)
	at com.jetbrains.python.packaging.PyPIPackageUtil.fetchLatestPackageVersion(PyPIPackageUtil.java:245)
	at com.jetbrains.python.packaging.ui.PyPackageManagementService.lambda$fetchLatestVersion$1(PyPackageManagementService.java:389)
	at java.base/java.util.concurrent.Executors$RunnableAdapter.call(Executors.java:515)
	at java.base/java.util.concurrent.FutureTask.run(FutureTask.java:264)
	at com.intellij.util.concurrency.BoundedTaskExecutor.doRun(BoundedTaskExecutor.java:222)
	at com.intellij.util.concurrency.BoundedTaskExecutor.access$200(BoundedTaskExecutor.java:30)
	at com.intellij.util.concurrency.BoundedTaskExecutor$1.execute(BoundedTaskExecutor.java:201)
	at com.intellij.util.ConcurrencyUtil.runUnderThreadName(ConcurrencyUtil.java:221)
	at com.intellij.util.concurrency.BoundedTaskExecutor$1.run(BoundedTaskExecutor.java:190)
	at java.base/java.util.concurrent.ThreadPoolExecutor.runWorker(ThreadPoolExecutor.java:1128)
	at java.base/java.util.concurrent.ThreadPoolExecutor$Worker.run(ThreadPoolExecutor.java:628)
	at java.base/java.lang.Thread.run(Thread.java:834)
2020-02-17 13:44:09,568 [ 196147]   WARN - .skeletons.PySkeletonRefresher - Some skeletons failed to generate 
2020-02-17 13:44:09,568 [ 196147]   WARN - .skeletons.PySkeletonRefresher - matplotlib.backends._tkagg 
2020-02-17 13:44:09,568 [ 196147]   WARN - .skeletons.PySkeletonRefresher - scipy.optimize._lsap_ 
2020-02-17 14:58:20,033 [4646612]   WARN - pl.local.NativeFileWatcherImpl - Watcher terminated with exit code 143 
OpenJDK 64-Bit Server VM warning: Option UseConcMarkSweepGC was deprecated in version 9.0 and will likely be removed in a future release.
Gtk-Message: 17:23:44.250: Failed to load module "appmenu-gtk-module"
2020-02-17 17:24:25,712 [  42290]   WARN - .diagnostic.PerformanceWatcher - UI freezed for 6498ms, details saved to /home/yannis/.PyCharmCE2019.3/system/log/threadDumps-freeze-20200217-172419-PC-193.6494.30-RandomAccessFile.readBytes-6sec 
2020-02-17 17:25:00,702 [  77280]   WARN - .skeletons.PySkeletonRefresher - Some skeletons failed to generate 
2020-02-17 17:25:00,702 [  77280]   WARN - .skeletons.PySkeletonRefresher - matplotlib.backends._tkagg 
2020-02-17 17:25:00,702 [  77280]   WARN - .skeletons.PySkeletonRefresher - scipy.optimize._lsap_ 
OpenJDK 64-Bit Server VM warning: Option UseConcMarkSweepGC was deprecated in version 9.0 and will likely be removed in a future release.
Gtk-Message: 20:56:53.674: Failed to load module "appmenu-gtk-module"
2020-02-17 20:57:34,194 [  41622]   WARN - .diagnostic.PerformanceWatcher - UI freezed for 5025ms, details saved to /home/yannis/.PyCharmCE2019.3/system/log/threadDumps-freeze-20200217-205729-PC-193.6494.30-UIManager.maybeInitialize-5sec 
2020-02-17 20:58:01,713 [  69141]   WARN - .skeletons.PySkeletonRefresher - Some skeletons failed to generate 
2020-02-17 20:58:01,714 [  69142]   WARN - .skeletons.PySkeletonRefresher - matplotlib.backends._tkagg 
2020-02-17 20:58:01,714 [  69142]   WARN - .skeletons.PySkeletonRefresher - scipy.optimize._lsap_ 
OpenJDK 64-Bit Server VM warning: Option UseConcMarkSweepGC was deprecated in version 9.0 and will likely be removed in a future release.
Gtk-Message: 14:57:21.763: Failed to load module "appmenu-gtk-module"
2020-02-18 14:58:01,628 [  40555]   WARN - .diagnostic.PerformanceWatcher - UI freezed for 5296ms, details saved to /home/yannis/.PyCharmCE2019.3/system/log/threadDumps-freeze-20200218-145756-PC-193.6494.30-ClassLoader.defineClass1-5sec 
2020-02-18 14:58:28,469 [  67396]   WARN - .skeletons.PySkeletonRefresher - Some skeletons failed to generate 
2020-02-18 14:58:28,469 [  67396]   WARN - .skeletons.PySkeletonRefresher - matplotlib.backends._tkagg 
2020-02-18 14:58:28,469 [  67396]   WARN - .skeletons.PySkeletonRefresher - scipy.optimize._lsap_ 
2020-02-18 15:25:27,187 [1686114]   WARN - ystem.impl.ActionPopupMenuImpl - 1851ms to fill popup menu NavBar 
OpenJDK 64-Bit Server VM warning: Option UseConcMarkSweepGC was deprecated in version 9.0 and will likely be removed in a future release.
Gtk-Message: 18:29:27.091: Failed to load module "appmenu-gtk-module"
2020-02-18 18:30:22,681 [  56942]   WARN - .diagnostic.PerformanceWatcher - UI freezed for 5873ms, details saved to /home/yannis/.PyCharmCE2019.3/system/log/threadDumps-freeze-20200218-183016-PC-193.6494.30-BaseComponentAdapter.getInstanceUncached-5sec 
2020-02-18 18:30:34,531 [  68792]   WARN - .diagnostic.PerformanceWatcher - UI freezed for 9111ms, details saved to /home/yannis/.PyCharmCE2019.3/system/log/threadDumps-freeze-20200218-183025-PC-193.6494.30-RandomAccessFile.readBytes-9sec 
2020-02-18 18:30:57,166 [  91427]   WARN - .diagnostic.PerformanceWatcher - UI freezed for 5527ms, details saved to /home/yannis/.PyCharmCE2019.3/system/log/threadDumps-freeze-20200218-183051-PC-193.6494.30-BaseComponentAdapter.getInstanceUncached-5sec 
2020-02-18 18:31:18,735 [ 112996]   WARN - .skeletons.PySkeletonRefresher - Some skeletons failed to generate 
2020-02-18 18:31:18,735 [ 112996]   WARN - .skeletons.PySkeletonRefresher - matplotlib.backends._tkagg 
2020-02-18 18:31:18,735 [ 112996]   WARN - .skeletons.PySkeletonRefresher - scipy.optimize._lsap_ 
