[I 16:53:46.978 NotebookApp] Writing notebook server cookie secret to /home/yannis/.local/share/jupyter/runtime/notebook_cookie_secret
[I 16:53:48.295 NotebookApp] Serving notebooks from local directory: /home/yannis/Documents/uds/ift725/tp2/prog
[I 16:53:48.295 NotebookApp] The Jupyter Notebook is running at:
[I 16:53:48.295 NotebookApp] http://localhost:8888/?token=bc453766c6167fad30a7cfda334f159e69b6dcbe5205753e
[I 16:53:48.295 NotebookApp]  or http://127.0.0.1:8888/?token=bc453766c6167fad30a7cfda334f159e69b6dcbe5205753e
[I 16:53:48.296 NotebookApp] Use Control-C to stop this server and shut down all kernels (twice to skip confirmation).
[C 16:53:48.364 NotebookApp] 
    
    To access the notebook, open this file in a browser:
        file:///home/yannis/.local/share/jupyter/runtime/nbserver-3512-open.html
    Or copy and paste one of these URLs:
        http://localhost:8888/?token=bc453766c6167fad30a7cfda334f159e69b6dcbe5205753e
     or http://127.0.0.1:8888/?token=bc453766c6167fad30a7cfda334f159e69b6dcbe5205753e
[I 16:53:57.941 NotebookApp] Writing notebook-signing key to /home/yannis/.local/share/jupyter/notebook_secret
[W 16:53:57.945 NotebookApp] Notebook FCNet.ipynb is not trusted
[I 16:53:59.385 NotebookApp] Kernel started: 69e1b044-fde4-4d69-ade4-0cef3b57fa7a
[I 16:55:59.334 NotebookApp] Saving file at /FCNet.ipynb
[I 17:09:38.382 NotebookApp] Saving file at /FCNet.ipynb
[I 17:09:59.338 NotebookApp] Saving file at /FCNet.ipynb
[I 17:15:59.340 NotebookApp] Saving file at /FCNet.ipynb
[I 17:17:59.339 NotebookApp] Saving file at /FCNet.ipynb
[I 17:19:59.339 NotebookApp] Saving file at /FCNet.ipynb
[I 17:39:59.339 NotebookApp] Saving file at /FCNet.ipynb
[I 17:42:33.860 NotebookApp] Saving file at /FCNet.ipynb
[I 17:43:59.342 NotebookApp] Saving file at /FCNet.ipynb
[I 17:45:59.340 NotebookApp] Saving file at /FCNet.ipynb
[I 18:11:33.820 NotebookApp] Starting buffering for 69e1b044-fde4-4d69-ade4-0cef3b57fa7a:721a3f139b9048e48674bb19014f6663
[C 18:12:04.000 NotebookApp] received signal 15, stopping
[I 18:12:04.000 NotebookApp] Shutting down 1 kernel
[I 18:12:04.101 NotebookApp] Kernel shutdown: 69e1b044-fde4-4d69-ade4-0cef3b57fa7a
[I 14:54:05.247 NotebookApp] Serving notebooks from local directory: /home/yannis/Documents/uds/ift725/tp2RN/prog
[I 14:54:05.247 NotebookApp] The Jupyter Notebook is running at:
[I 14:54:05.248 NotebookApp] http://localhost:8888/?token=846b08ad8fc2906e1fdaceb696c080650d717ac691b0e266
[I 14:54:05.248 NotebookApp]  or http://127.0.0.1:8888/?token=846b08ad8fc2906e1fdaceb696c080650d717ac691b0e266
[I 14:54:05.248 NotebookApp] Use Control-C to stop this server and shut down all kernels (twice to skip confirmation).
[C 14:54:05.260 NotebookApp] 
    
    To access the notebook, open this file in a browser:
        file:///home/yannis/.local/share/jupyter/runtime/nbserver-6688-open.html
    Or copy and paste one of these URLs:
        http://localhost:8888/?token=846b08ad8fc2906e1fdaceb696c080650d717ac691b0e266
     or http://127.0.0.1:8888/?token=846b08ad8fc2906e1fdaceb696c080650d717ac691b0e266
[I 14:54:08.867 NotebookApp] Kernel started: a0c82691-5f09-4243-ae75-14d85424972d
[I 14:55:10.102 NotebookApp] Starting buffering for a0c82691-5f09-4243-ae75-14d85424972d:0efebe4d23e945dba001314ae67da963
[I 14:55:41.733 NotebookApp] Saving file at /FCNet.ipynb
[I 14:55:45.378 NotebookApp] Saving file at /FCNet.ipynb
[I 14:57:12.029 NotebookApp] Saving file at /FCNet.ipynb
OpenJDK 64-Bit Server VM warning: Option UseConcMarkSweepGC was deprecated in version 9.0 and will likely be removed in a future release.
Gtk-Message: 14:59:02.326: Failed to load module "appmenu-gtk-module"
[I 15:07:12.035 NotebookApp] Saving file at /FCNet.ipynb
[I 15:09:12.022 NotebookApp] Saving file at /FCNet.ipynb
[I 15:11:12.035 NotebookApp] Saving file at /FCNet.ipynb
[I 15:13:12.035 NotebookApp] Saving file at /FCNet.ipynb
[I 15:17:12.040 NotebookApp] Saving file at /FCNet.ipynb
[I 15:19:12.034 NotebookApp] Saving file at /FCNet.ipynb
[I 15:21:12.034 NotebookApp] Saving file at /FCNet.ipynb
[I 15:23:12.307 NotebookApp] Saving file at /FCNet.ipynb
[I 15:23:46.920 NotebookApp] Saving file at /FCNet.ipynb
2020-02-17 15:25:40,451 [1600678]   WARN - ckaging.InstalledPackagesPanel - Cannot fetch the latest version of the installed package pkg-resources 
com.intellij.util.io.HttpRequests$HttpStatusException: Request failed with status code 404. Status=404, Url=https://pypi.python.org/pypi/pkg-resources/json
	at com.intellij.util.io.HttpRequests.throwHttpStatusError(HttpRequests.java:645)
	at com.intellij.util.io.HttpRequests.openConnection(HttpRequests.java:626)
	at com.intellij.util.io.HttpRequests.access$300(HttpRequests.java:56)
	at com.intellij.util.io.HttpRequests$RequestImpl.getConnection(HttpRequests.java:376)
	at com.intellij.util.io.HttpRequests$RequestImpl.getInputStream(HttpRequests.java:385)
	at com.intellij.util.io.HttpRequests$RequestImpl.getReader(HttpRequests.java:403)
	at com.intellij.util.io.HttpRequests$RequestImpl.getReader(HttpRequests.java:396)
	at com.jetbrains.python.packaging.PyPIPackageUtil$3.lambda$load$0(PyPIPackageUtil.java:108)
	at com.intellij.util.io.HttpRequests.doProcess(HttpRequests.java:518)
	at com.intellij.util.io.HttpRequests.process(HttpRequests.java:500)
	at com.intellij.util.io.HttpRequests.access$100(HttpRequests.java:56)
	at com.intellij.util.io.HttpRequests$RequestBuilderImpl.connect(HttpRequests.java:350)
	at com.jetbrains.python.packaging.PyPIPackageUtil$3.load(PyPIPackageUtil.java:108)
	at com.jetbrains.python.packaging.PyPIPackageUtil$3.load(PyPIPackageUtil.java:102)
	at com.google.common.cache.LocalCache$LoadingValueReference.loadFuture(LocalCache.java:3529)
	at com.google.common.cache.LocalCache$Segment.loadSync(LocalCache.java:2278)
	at com.google.common.cache.LocalCache$Segment.lockedGetOrLoad(LocalCache.java:2155)
	at com.google.common.cache.LocalCache$Segment.get(LocalCache.java:2045)
	at com.google.common.cache.LocalCache.get(LocalCache.java:3953)
	at com.google.common.cache.LocalCache.getOrLoad(LocalCache.java:3976)
	at com.google.common.cache.LocalCache$LocalLoadingCache.get(LocalCache.java:4960)
	at com.jetbrains.python.packaging.PyPIPackageUtil.getCachedValueOrRethrowIO(PyPIPackageUtil.java:226)
	at com.jetbrains.python.packaging.PyPIPackageUtil.refreshAndGetPackageDetailsFromPyPI(PyPIPackageUtil.java:174)
	at com.jetbrains.python.packaging.PyPIPackageUtil.getPackageVersionsFromPyPI(PyPIPackageUtil.java:201)
	at com.jetbrains.python.packaging.PyPIPackageUtil.getLatestPackageVersionFromPyPI(PyPIPackageUtil.java:210)
	at com.jetbrains.python.packaging.PyPIPackageUtil.fetchLatestPackageVersion(PyPIPackageUtil.java:245)
	at com.jetbrains.python.packaging.ui.PyPackageManagementService.lambda$fetchLatestVersion$1(PyPackageManagementService.java:389)
	at java.base/java.util.concurrent.Executors$RunnableAdapter.call(Executors.java:515)
	at java.base/java.util.concurrent.FutureTask.run(FutureTask.java:264)
	at com.intellij.util.concurrency.BoundedTaskExecutor.doRun(BoundedTaskExecutor.java:222)
	at com.intellij.util.concurrency.BoundedTaskExecutor.access$200(BoundedTaskExecutor.java:30)
	at com.intellij.util.concurrency.BoundedTaskExecutor$1.execute(BoundedTaskExecutor.java:201)
	at com.intellij.util.ConcurrencyUtil.runUnderThreadName(ConcurrencyUtil.java:221)
	at com.intellij.util.concurrency.BoundedTaskExecutor$1.run(BoundedTaskExecutor.java:190)
	at java.base/java.util.concurrent.ThreadPoolExecutor.runWorker(ThreadPoolExecutor.java:1128)
	at java.base/java.util.concurrent.ThreadPoolExecutor$Worker.run(ThreadPoolExecutor.java:628)
	at java.base/java.lang.Thread.run(Thread.java:834)
2020-02-17 15:25:41,386 [1601613]   WARN - .skeletons.PySkeletonRefresher - Some skeletons failed to generate 
2020-02-17 15:25:41,388 [1601615]   WARN - .skeletons.PySkeletonRefresher - matplotlib.backends._tkagg 
2020-02-17 15:25:41,388 [1601615]   WARN - .skeletons.PySkeletonRefresher - scipy.optimize._lsap_ 
[I 15:27:12.034 NotebookApp] Saving file at /FCNet.ipynb
[I 15:29:12.295 NotebookApp] Saving file at /FCNet.ipynb
[I 15:37:12.033 NotebookApp] Saving file at /FCNet.ipynb
[I 15:39:12.033 NotebookApp] Saving file at /FCNet.ipynb
[I 15:39:38.498 NotebookApp] Saving file at /FCNet.ipynb
[I 15:41:12.022 NotebookApp] Saving file at /FCNet.ipynb
[I 15:43:12.294 NotebookApp] Saving file at /FCNet.ipynb
[I 15:44:53.224 NotebookApp] Saving file at /FCNet.ipynb
[I 15:45:12.051 NotebookApp] Saving file at /FCNet.ipynb
[I 15:46:47.077 NotebookApp] Starting buffering for a0c82691-5f09-4243-ae75-14d85424972d:8a9a0d3c78e9486c86cd653bf93f20d6
[C 15:47:19.163 NotebookApp] received signal 15, stopping
[I 15:47:19.163 NotebookApp] Shutting down 1 kernel
[I 15:47:19.264 NotebookApp] Kernel shutdown: a0c82691-5f09-4243-ae75-14d85424972d
[I 17:22:22.210 NotebookApp] Serving notebooks from local directory: /home/yannis/Documents/uds/ift725/tp2RN/prog
[I 17:22:22.217 NotebookApp] The Jupyter Notebook is running at:
[I 17:22:22.217 NotebookApp] http://localhost:8888/?token=ff144cd018bc24a96bdb3aa99f0971050ba6dc97af8d9324
[I 17:22:22.217 NotebookApp]  or http://127.0.0.1:8888/?token=ff144cd018bc24a96bdb3aa99f0971050ba6dc97af8d9324
[I 17:22:22.217 NotebookApp] Use Control-C to stop this server and shut down all kernels (twice to skip confirmation).
[C 17:22:22.260 NotebookApp] 
    
    To access the notebook, open this file in a browser:
        file:///home/yannis/.local/share/jupyter/runtime/nbserver-1774-open.html
    Or copy and paste one of these URLs:
        http://localhost:8888/?token=ff144cd018bc24a96bdb3aa99f0971050ba6dc97af8d9324
     or http://127.0.0.1:8888/?token=ff144cd018bc24a96bdb3aa99f0971050ba6dc97af8d9324
[I 17:22:40.462 NotebookApp] Kernel started: ec05d9a4-951b-4709-8a22-f7cc213931aa
[I 17:24:40.343 NotebookApp] Saving file at /FCNet.ipynb
[I 17:28:40.345 NotebookApp] Saving file at /FCNet.ipynb
[I 17:30:40.330 NotebookApp] Saving file at /FCNet.ipynb
[I 17:32:40.378 NotebookApp] Saving file at /FCNet.ipynb
[I 17:34:40.371 NotebookApp] Saving file at /FCNet.ipynb
[I 17:35:09.812 NotebookApp] Saving file at /FCNet.ipynb
[I 17:36:40.346 NotebookApp] Saving file at /FCNet.ipynb
[I 17:36:44.086 NotebookApp] Saving file at /FCNet.ipynb
[I 17:37:14.718 NotebookApp] Saving file at /FCNet.ipynb
[I 17:38:40.380 NotebookApp] Saving file at /FCNet.ipynb
[I 17:40:40.361 NotebookApp] Saving file at /FCNet.ipynb
[I 17:44:25.578 NotebookApp] Saving file at /FCNet.ipynb
[I 17:44:40.346 NotebookApp] Saving file at /FCNet.ipynb
[I 17:46:06.168 NotebookApp] Saving file at /FCNet.ipynb
[I 17:46:40.345 NotebookApp] Saving file at /FCNet.ipynb
[I 17:48:40.346 NotebookApp] Saving file at /FCNet.ipynb
[I 17:52:40.346 NotebookApp] Saving file at /FCNet.ipynb
[I 17:56:40.352 NotebookApp] Saving file at /FCNet.ipynb
[I 18:14:40.678 NotebookApp] Saving file at /FCNet.ipynb
[I 18:20:40.345 NotebookApp] Saving file at /FCNet.ipynb
[I 18:22:40.345 NotebookApp] Saving file at /FCNet.ipynb
[I 18:26:10.370 NotebookApp] Saving file at /FCNet.ipynb
[I 18:26:40.346 NotebookApp] Saving file at /FCNet.ipynb
[I 18:27:24.808 NotebookApp] Saving file at /FCNet.ipynb
[I 18:28:28.682 NotebookApp] Saving file at /FCNet.ipynb
[I 18:28:40.368 NotebookApp] Saving file at /FCNet.ipynb
[I 18:30:40.653 NotebookApp] Saving file at /FCNet.ipynb
[I 18:32:40.347 NotebookApp] Saving file at /FCNet.ipynb
[I 19:04:31.348 NotebookApp] Saving file at /FCNet.ipynb
[I 19:08:31.347 NotebookApp] Saving file at /FCNet.ipynb
[I 19:10:31.346 NotebookApp] Saving file at /FCNet.ipynb
[I 19:10:59.356 NotebookApp] Saving file at /FCNet.ipynb
[I 19:12:31.346 NotebookApp] Saving file at /FCNet.ipynb
[I 19:14:31.337 NotebookApp] Saving file at /FCNet.ipynb
[I 19:16:31.345 NotebookApp] Saving file at /FCNet.ipynb
[I 19:18:31.351 NotebookApp] Saving file at /FCNet.ipynb
[I 19:20:31.345 NotebookApp] Saving file at /FCNet.ipynb
[I 19:26:31.347 NotebookApp] Saving file at /FCNet.ipynb
[I 19:28:31.347 NotebookApp] Saving file at /FCNet.ipynb
[I 19:30:31.345 NotebookApp] Saving file at /FCNet.ipynb
[I 19:34:31.333 NotebookApp] Saving file at /FCNet.ipynb
[I 19:36:31.652 NotebookApp] Saving file at /FCNet.ipynb
[I 19:44:31.345 NotebookApp] Saving file at /FCNet.ipynb
[I 20:33:30.048 NotebookApp] Saving file at /FCNet.ipynb
[I 20:36:45.637 NotebookApp] Starting buffering for ec05d9a4-951b-4709-8a22-f7cc213931aa:56b89b6d8fd14396839ecc77639799e0
[I 20:36:46.047 NotebookApp] Kernel restarted: ec05d9a4-951b-4709-8a22-f7cc213931aa
[I 20:36:46.517 NotebookApp] Restoring connection for ec05d9a4-951b-4709-8a22-f7cc213931aa:56b89b6d8fd14396839ecc77639799e0
[I 20:36:46.517 NotebookApp] Replaying 6 buffered messages
[I 20:37:27.197 NotebookApp] Starting buffering for ec05d9a4-951b-4709-8a22-f7cc213931aa:56b89b6d8fd14396839ecc77639799e0
[C 20:37:44.127 NotebookApp] received signal 15, stopping
[I 20:37:44.128 NotebookApp] Shutting down 1 kernel
[I 20:37:44.429 NotebookApp] Kernel shutdown: ec05d9a4-951b-4709-8a22-f7cc213931aa
[I 20:37:59.722 NotebookApp] Serving notebooks from local directory: /home/yannis/Documents/uds/ift725/tp2RN/prog
[I 20:37:59.722 NotebookApp] The Jupyter Notebook is running at:
[I 20:37:59.722 NotebookApp] http://localhost:8888/?token=4679dbec2b4df260583e437c882b77db29e05c1fa6b8a577
[I 20:37:59.723 NotebookApp]  or http://127.0.0.1:8888/?token=4679dbec2b4df260583e437c882b77db29e05c1fa6b8a577
[I 20:37:59.723 NotebookApp] Use Control-C to stop this server and shut down all kernels (twice to skip confirmation).
[C 20:37:59.736 NotebookApp] 
    
    To access the notebook, open this file in a browser:
        file:///home/yannis/.local/share/jupyter/runtime/nbserver-5008-open.html
    Or copy and paste one of these URLs:
        http://localhost:8888/?token=4679dbec2b4df260583e437c882b77db29e05c1fa6b8a577
     or http://127.0.0.1:8888/?token=4679dbec2b4df260583e437c882b77db29e05c1fa6b8a577
[I 20:38:03.236 NotebookApp] Kernel started: 6ebca5b7-f27f-4389-ae09-324e1e14bcc8
[I 20:39:33.208 NotebookApp] Starting buffering for 6ebca5b7-f27f-4389-ae09-324e1e14bcc8:1e2af86e0eda43eb8e17ae9614032826
[I 20:39:33.621 NotebookApp] Kernel restarted: 6ebca5b7-f27f-4389-ae09-324e1e14bcc8
[I 20:39:34.071 NotebookApp] Restoring connection for 6ebca5b7-f27f-4389-ae09-324e1e14bcc8:1e2af86e0eda43eb8e17ae9614032826
[I 20:39:34.071 NotebookApp] Replaying 6 buffered messages
[I 20:40:03.239 NotebookApp] Saving file at /FCNet.ipynb
[I 20:44:48.158 NotebookApp] Starting buffering for 6ebca5b7-f27f-4389-ae09-324e1e14bcc8:1e2af86e0eda43eb8e17ae9614032826
[C 20:45:21.351 NotebookApp] received signal 15, stopping
[I 20:45:21.352 NotebookApp] Shutting down 1 kernel
[I 20:45:21.452 NotebookApp] Kernel shutdown: 6ebca5b7-f27f-4389-ae09-324e1e14bcc8
[I 20:50:39.873 NotebookApp] Serving notebooks from local directory: /home/yannis/Documents/uds/ift725/tp2RN/prog
[I 20:50:39.884 NotebookApp] The Jupyter Notebook is running at:
[I 20:50:39.884 NotebookApp] http://localhost:8888/?token=92bb6a8438eb900c787144ea943b1e4958e8a495bcaf168a
[I 20:50:39.884 NotebookApp]  or http://127.0.0.1:8888/?token=92bb6a8438eb900c787144ea943b1e4958e8a495bcaf168a
[I 20:50:39.885 NotebookApp] Use Control-C to stop this server and shut down all kernels (twice to skip confirmation).
[C 20:50:39.941 NotebookApp] 
    
    To access the notebook, open this file in a browser:
        file:///home/yannis/.local/share/jupyter/runtime/nbserver-1342-open.html
    Or copy and paste one of these URLs:
        http://localhost:8888/?token=92bb6a8438eb900c787144ea943b1e4958e8a495bcaf168a
     or http://127.0.0.1:8888/?token=92bb6a8438eb900c787144ea943b1e4958e8a495bcaf168a
[I 20:50:58.089 NotebookApp] Kernel started: 3f65f064-1dfd-4fc7-bdba-060b6ebeb5e6
[I 20:52:58.523 NotebookApp] Saving file at /FCNet.ipynb
[I 20:53:49.886 NotebookApp] Saving file at /FCNet.ipynb
[I 20:54:19.552 NotebookApp] Saving file at /FCNet.ipynb
[I 20:54:33.132 NotebookApp] Saving file at /FCNet.ipynb
[I 20:54:46.573 NotebookApp] Saving file at /FCNet.ipynb
[I 20:54:57.999 NotebookApp] Saving file at /FCNet.ipynb
[I 21:00:58.004 NotebookApp] Saving file at /FCNet.ipynb
[I 21:02:57.999 NotebookApp] Saving file at /FCNet.ipynb
[I 21:04:17.123 NotebookApp] Saving file at /FCNet.ipynb
[I 21:04:58.260 NotebookApp] Saving file at /FCNet.ipynb
[I 21:10:58.534 NotebookApp] Saving file at /FCNet.ipynb
[I 21:11:32.391 NotebookApp] Starting buffering for 3f65f064-1dfd-4fc7-bdba-060b6ebeb5e6:f90a6d41d6d6475c908edb5a699b3a52
[I 21:11:32.798 NotebookApp] Kernel restarted: 3f65f064-1dfd-4fc7-bdba-060b6ebeb5e6
[I 21:11:33.402 NotebookApp] Restoring connection for 3f65f064-1dfd-4fc7-bdba-060b6ebeb5e6:f90a6d41d6d6475c908edb5a699b3a52
[I 21:11:33.402 NotebookApp] Replaying 6 buffered messages
[I 21:12:58.042 NotebookApp] Saving file at /FCNet.ipynb
[I 21:22:57.999 NotebookApp] Saving file at /FCNet.ipynb
[I 14:54:06.884 NotebookApp] Serving notebooks from local directory: /home/yannis/Documents/uds/ift725/tp2RN/prog
[I 14:54:06.897 NotebookApp] The Jupyter Notebook is running at:
[I 14:54:06.897 NotebookApp] http://localhost:8888/?token=0e0b531df84720a57650c3b1701ba0d5575282e52965a3a1
[I 14:54:06.897 NotebookApp]  or http://127.0.0.1:8888/?token=0e0b531df84720a57650c3b1701ba0d5575282e52965a3a1
[I 14:54:06.897 NotebookApp] Use Control-C to stop this server and shut down all kernels (twice to skip confirmation).
[C 14:54:06.960 NotebookApp] 
    
    To access the notebook, open this file in a browser:
        file:///home/yannis/.local/share/jupyter/runtime/nbserver-1525-open.html
    Or copy and paste one of these URLs:
        http://localhost:8888/?token=0e0b531df84720a57650c3b1701ba0d5575282e52965a3a1
     or http://127.0.0.1:8888/?token=0e0b531df84720a57650c3b1701ba0d5575282e52965a3a1
[I 14:54:25.420 NotebookApp] Kernel started: 5e2c082a-dc95-42a5-9f8a-821a0dc5006d
[I 15:08:17.745 NotebookApp] Starting buffering for 5e2c082a-dc95-42a5-9f8a-821a0dc5006d:b38d8697dd534a7c8f2ac9c2e55d7c87
[I 15:08:18.054 NotebookApp] Kernel restarted: 5e2c082a-dc95-42a5-9f8a-821a0dc5006d
[I 15:08:18.545 NotebookApp] Restoring connection for 5e2c082a-dc95-42a5-9f8a-821a0dc5006d:b38d8697dd534a7c8f2ac9c2e55d7c87
[I 15:08:18.545 NotebookApp] Replaying 6 buffered messages
[I 15:09:58.706 NotebookApp] Saving file at /FCNet.ipynb
[I 15:15:58.709 NotebookApp] Saving file at /FCNet.ipynb
[I 15:17:58.708 NotebookApp] Saving file at /FCNet.ipynb
[I 15:18:47.177 NotebookApp] Starting buffering for 5e2c082a-dc95-42a5-9f8a-821a0dc5006d:b38d8697dd534a7c8f2ac9c2e55d7c87
[C 15:18:59.809 NotebookApp] received signal 15, stopping
[I 15:18:59.810 NotebookApp] Shutting down 1 kernel
[I 15:19:00.111 NotebookApp] Kernel shutdown: 5e2c082a-dc95-42a5-9f8a-821a0dc5006d
[I 15:19:09.048 NotebookApp] Serving notebooks from local directory: /home/yannis/Documents/uds/ift725/tp2RN/prog
[I 15:19:09.049 NotebookApp] The Jupyter Notebook is running at:
[I 15:19:09.049 NotebookApp] http://localhost:8888/?token=1dea8e78843e8fda9b2adb6dd2162ed8d49efad3cb52e683
[I 15:19:09.049 NotebookApp]  or http://127.0.0.1:8888/?token=1dea8e78843e8fda9b2adb6dd2162ed8d49efad3cb52e683
[I 15:19:09.049 NotebookApp] Use Control-C to stop this server and shut down all kernels (twice to skip confirmation).
[C 15:19:09.060 NotebookApp] 
    
    To access the notebook, open this file in a browser:
        file:///home/yannis/.local/share/jupyter/runtime/nbserver-2949-open.html
    Or copy and paste one of these URLs:
        http://localhost:8888/?token=1dea8e78843e8fda9b2adb6dd2162ed8d49efad3cb52e683
     or http://127.0.0.1:8888/?token=1dea8e78843e8fda9b2adb6dd2162ed8d49efad3cb52e683
[I 15:19:13.030 NotebookApp] Kernel started: 1eeb4225-58c0-46f1-8051-e86a513aaaee
[I 15:19:13.875 NotebookApp] Kernel interrupted: 1eeb4225-58c0-46f1-8051-e86a513aaaee
[I 15:19:15.580 NotebookApp] Kernel interrupted: 1eeb4225-58c0-46f1-8051-e86a513aaaee
[I 15:19:19.429 NotebookApp] Starting buffering for 1eeb4225-58c0-46f1-8051-e86a513aaaee:acdb7cb216604825be9aa6c0ecb29d6e
[I 15:19:19.844 NotebookApp] Kernel restarted: 1eeb4225-58c0-46f1-8051-e86a513aaaee
[I 15:19:20.284 NotebookApp] Restoring connection for 1eeb4225-58c0-46f1-8051-e86a513aaaee:acdb7cb216604825be9aa6c0ecb29d6e
[I 15:19:20.284 NotebookApp] Replaying 6 buffered messages
[I 15:21:13.037 NotebookApp] Saving file at /FCNet.ipynb
[I 15:23:13.041 NotebookApp] Saving file at /FCNet.ipynb
[I 15:25:13.037 NotebookApp] Saving file at /FCNet.ipynb
[I 16:03:45.477 NotebookApp] Saving file at /FCNet.ipynb
[I 16:07:45.467 NotebookApp] Saving file at /FCNet.ipynb
[I 16:45:45.472 NotebookApp] Saving file at /FCNet.ipynb
[I 16:49:45.483 NotebookApp] Saving file at /FCNet.ipynb
[I 16:51:45.478 NotebookApp] Saving file at /FCNet.ipynb
[I 16:53:45.479 NotebookApp] Saving file at /FCNet.ipynb
[I 16:55:45.481 NotebookApp] Saving file at /FCNet.ipynb
[I 16:57:45.477 NotebookApp] Saving file at /FCNet.ipynb
[I 16:59:45.479 NotebookApp] Saving file at /FCNet.ipynb
[I 17:09:45.479 NotebookApp] Saving file at /FCNet.ipynb
[I 17:11:45.468 NotebookApp] Saving file at /FCNet.ipynb
[I 17:13:45.480 NotebookApp] Saving file at /FCNet.ipynb
[I 17:15:45.573 NotebookApp] Saving file at /FCNet.ipynb
[I 17:16:37.630 NotebookApp] Saving file at /FCNet.ipynb
[I 17:17:18.006 NotebookApp] Saving file at /FCNet.ipynb
[I 17:17:50.766 NotebookApp] Saving file at /FCNet.ipynb
[I 17:18:00.752 NotebookApp] Saving file at /FCNet.ipynb
[I 17:18:08.760 NotebookApp] Starting buffering for 1eeb4225-58c0-46f1-8051-e86a513aaaee:acdb7cb216604825be9aa6c0ecb29d6e
[I 17:18:09.518 NotebookApp] Kernel restarted: 1eeb4225-58c0-46f1-8051-e86a513aaaee
[I 17:18:12.516 NotebookApp] Restoring connection for 1eeb4225-58c0-46f1-8051-e86a513aaaee:acdb7cb216604825be9aa6c0ecb29d6e
[I 17:18:12.516 NotebookApp] Replaying 6 buffered messages
[I 17:19:45.547 NotebookApp] Saving file at /FCNet.ipynb
[I 17:21:45.483 NotebookApp] Saving file at /FCNet.ipynb
[I 17:22:44.541 NotebookApp] Saving file at /FCNet.ipynb
[I 17:23:45.478 NotebookApp] Saving file at /FCNet.ipynb
[I 17:29:07.472 NotebookApp] Starting buffering for 1eeb4225-58c0-46f1-8051-e86a513aaaee:acdb7cb216604825be9aa6c0ecb29d6e
[I 17:29:08.088 NotebookApp] Kernel restarted: 1eeb4225-58c0-46f1-8051-e86a513aaaee
[I 17:29:11.022 NotebookApp] Restoring connection for 1eeb4225-58c0-46f1-8051-e86a513aaaee:acdb7cb216604825be9aa6c0ecb29d6e
[I 17:29:11.022 NotebookApp] Replaying 6 buffered messages
[I 17:29:45.539 NotebookApp] Saving file at /FCNet.ipynb
[I 17:31:15.164 NotebookApp] Starting buffering for 1eeb4225-58c0-46f1-8051-e86a513aaaee:acdb7cb216604825be9aa6c0ecb29d6e
[I 17:31:15.691 NotebookApp] Kernel restarted: 1eeb4225-58c0-46f1-8051-e86a513aaaee
[I 17:31:19.051 NotebookApp] Restoring connection for 1eeb4225-58c0-46f1-8051-e86a513aaaee:acdb7cb216604825be9aa6c0ecb29d6e
[I 17:31:19.052 NotebookApp] Replaying 6 buffered messages
[I 17:31:45.539 NotebookApp] Saving file at /FCNet.ipynb
[I 17:32:48.738 NotebookApp] Kernel interrupted: 1eeb4225-58c0-46f1-8051-e86a513aaaee
[I 17:33:45.466 NotebookApp] Saving file at /FCNet.ipynb
[I 17:51:35.150 NotebookApp] Saving file at /FCNet.ipynb
[I 17:51:35.355 NotebookApp] Saving file at /FCNet.ipynb
[I 17:51:36.658 NotebookApp] Saving file at /FCNet.ipynb
[I 17:51:39.285 NotebookApp] Starting buffering for 1eeb4225-58c0-46f1-8051-e86a513aaaee:acdb7cb216604825be9aa6c0ecb29d6e
[I 18:28:58.809 NotebookApp] The port 8888 is already in use, trying another port.
[I 18:28:58.834 NotebookApp] Serving notebooks from local directory: /home/yannis/Documents/uds/ift725/tp2RN/prog
[I 18:28:58.834 NotebookApp] The Jupyter Notebook is running at:
[I 18:28:58.834 NotebookApp] http://localhost:8889/?token=e26857e686c10aff9dbd4025d571d57b75fcaabb8796ec75
[I 18:28:58.834 NotebookApp]  or http://127.0.0.1:8889/?token=e26857e686c10aff9dbd4025d571d57b75fcaabb8796ec75
[I 18:28:58.834 NotebookApp] Use Control-C to stop this server and shut down all kernels (twice to skip confirmation).
[C 18:28:58.864 NotebookApp] 
    
    To access the notebook, open this file in a browser:
        file:///home/yannis/.local/share/jupyter/runtime/nbserver-7732-open.html
    Or copy and paste one of these URLs:
        http://localhost:8889/?token=e26857e686c10aff9dbd4025d571d57b75fcaabb8796ec75
     or http://127.0.0.1:8889/?token=e26857e686c10aff9dbd4025d571d57b75fcaabb8796ec75
[I 18:29:04.567 NotebookApp] Kernel started: e27c5e96-0154-472e-ba95-39f19b9b7cfe
[I 18:29:44.776 NotebookApp] Starting buffering for e27c5e96-0154-472e-ba95-39f19b9b7cfe:45dd584539ad44d085324b0575c65215
[I 18:29:45.187 NotebookApp] Kernel restarted: e27c5e96-0154-472e-ba95-39f19b9b7cfe
[I 18:29:45.743 NotebookApp] Restoring connection for e27c5e96-0154-472e-ba95-39f19b9b7cfe:45dd584539ad44d085324b0575c65215
[I 18:29:45.743 NotebookApp] Replaying 6 buffered messages
[I 18:31:04.525 NotebookApp] Saving file at /FCNet.ipynb
[I 18:35:04.553 NotebookApp] Saving file at /FCNet.ipynb
[I 18:37:04.539 NotebookApp] Saving file at /FCNet.ipynb
[I 18:39:04.534 NotebookApp] Saving file at /FCNet.ipynb
[I 18:41:04.525 NotebookApp] Saving file at /FCNet.ipynb
[I 18:48:14.123 NotebookApp] Starting buffering for e27c5e96-0154-472e-ba95-39f19b9b7cfe:45dd584539ad44d085324b0575c65215
[I 18:48:14.943 NotebookApp] Kernel restarted: e27c5e96-0154-472e-ba95-39f19b9b7cfe
[I 18:48:17.307 NotebookApp] Restoring connection for e27c5e96-0154-472e-ba95-39f19b9b7cfe:45dd584539ad44d085324b0575c65215
[I 18:48:17.308 NotebookApp] Replaying 3 buffered messages
[I 18:49:04.551 NotebookApp] Saving file at /FCNet.ipynb
[I 18:51:04.779 NotebookApp] Saving file at /FCNet.ipynb
[I 18:53:04.539 NotebookApp] Saving file at /FCNet.ipynb
[I 18:55:04.774 NotebookApp] Saving file at /FCNet.ipynb
[I 18:57:04.791 NotebookApp] Saving file at /FCNet.ipynb
[I 18:59:04.764 NotebookApp] Saving file at /FCNet.ipynb
[I 19:01:04.525 NotebookApp] Saving file at /FCNet.ipynb
[I 19:02:04.343 NotebookApp] Starting buffering for e27c5e96-0154-472e-ba95-39f19b9b7cfe:45dd584539ad44d085324b0575c65215
[I 19:02:05.089 NotebookApp] Kernel restarted: e27c5e96-0154-472e-ba95-39f19b9b7cfe
[I 19:02:08.235 NotebookApp] Restoring connection for e27c5e96-0154-472e-ba95-39f19b9b7cfe:45dd584539ad44d085324b0575c65215
[I 19:02:08.235 NotebookApp] Replaying 6 buffered messages
[I 19:03:04.523 NotebookApp] Saving file at /FCNet.ipynb
[I 19:04:41.349 NotebookApp] Starting buffering for e27c5e96-0154-472e-ba95-39f19b9b7cfe:45dd584539ad44d085324b0575c65215
[I 19:04:41.762 NotebookApp] Kernel restarted: e27c5e96-0154-472e-ba95-39f19b9b7cfe
[I 19:04:42.710 NotebookApp] Restoring connection for e27c5e96-0154-472e-ba95-39f19b9b7cfe:45dd584539ad44d085324b0575c65215
[I 19:04:42.710 NotebookApp] Replaying 6 buffered messages
[I 19:05:04.552 NotebookApp] Saving file at /FCNet.ipynb
[I 19:07:04.551 NotebookApp] Saving file at /FCNet.ipynb
[I 19:07:15.088 NotebookApp] Saving file at /FCNet.ipynb
[I 19:09:04.520 NotebookApp] Saving file at /FCNet.ipynb
[I 19:13:12.867 NotebookApp] Starting buffering for e27c5e96-0154-472e-ba95-39f19b9b7cfe:45dd584539ad44d085324b0575c65215
[I 19:13:13.481 NotebookApp] Kernel restarted: e27c5e96-0154-472e-ba95-39f19b9b7cfe
[I 19:13:14.420 NotebookApp] Restoring connection for e27c5e96-0154-472e-ba95-39f19b9b7cfe:45dd584539ad44d085324b0575c65215
[I 19:13:14.420 NotebookApp] Replaying 6 buffered messages
[I 19:15:04.583 NotebookApp] Saving file at /FCNet.ipynb
[I 19:15:47.537 NotebookApp] Starting buffering for e27c5e96-0154-472e-ba95-39f19b9b7cfe:45dd584539ad44d085324b0575c65215
[I 19:15:47.952 NotebookApp] Kernel restarted: e27c5e96-0154-472e-ba95-39f19b9b7cfe
[I 19:15:48.548 NotebookApp] Restoring connection for e27c5e96-0154-472e-ba95-39f19b9b7cfe:45dd584539ad44d085324b0575c65215
[I 19:15:48.548 NotebookApp] Replaying 5 buffered messages
[I 19:17:04.579 NotebookApp] Saving file at /FCNet.ipynb
[I 19:19:04.769 NotebookApp] Saving file at /FCNet.ipynb
[I 19:35:37.771 NotebookApp] Starting buffering for e27c5e96-0154-472e-ba95-39f19b9b7cfe:45dd584539ad44d085324b0575c65215
[I 19:35:38.189 NotebookApp] Kernel restarted: e27c5e96-0154-472e-ba95-39f19b9b7cfe
[I 19:35:38.685 NotebookApp] Restoring connection for e27c5e96-0154-472e-ba95-39f19b9b7cfe:45dd584539ad44d085324b0575c65215
[I 19:35:38.685 NotebookApp] Replaying 6 buffered messages
[I 19:36:02.749 NotebookApp] Saving file at /FCNet.ipynb
[I 19:37:04.539 NotebookApp] Saving file at /FCNet.ipynb
[I 19:38:06.064 NotebookApp] Saving file at /FCNet.ipynb
[I 19:38:07.082 NotebookApp] Starting buffering for e27c5e96-0154-472e-ba95-39f19b9b7cfe:45dd584539ad44d085324b0575c65215
[C 19:41:49.680 NotebookApp] received signal 15, stopping
[I 19:41:49.750 NotebookApp] Shutting down 1 kernel
[I 19:41:49.751 NotebookApp] Kernel shutdown: e27c5e96-0154-472e-ba95-39f19b9b7cfe
[C 19:41:51.620 NotebookApp] received signal 15, stopping
[I 19:41:53.125 NotebookApp] KernelRestarter: restarting kernel (1/5), keep random ports
[I 19:41:54.936 NotebookApp] Shutting down 1 kernel
[I 19:41:55.887 NotebookApp] Kernel shutdown: 1eeb4225-58c0-46f1-8051-e86a513aaaee
[I 14:01:06.061 NotebookApp] Serving notebooks from local directory: /home/yannis/Documents/uds/ift725/tp2RN/prog
[I 14:01:06.072 NotebookApp] The Jupyter Notebook is running at:
[I 14:01:06.072 NotebookApp] http://localhost:8888/?token=014a75530bafee728b462b4a29cfa6dbdd5dfb0ddb6c3cbd
[I 14:01:06.072 NotebookApp]  or http://127.0.0.1:8888/?token=014a75530bafee728b462b4a29cfa6dbdd5dfb0ddb6c3cbd
[I 14:01:06.072 NotebookApp] Use Control-C to stop this server and shut down all kernels (twice to skip confirmation).
[C 14:01:06.119 NotebookApp] 
    
    To access the notebook, open this file in a browser:
        file:///home/yannis/.local/share/jupyter/runtime/nbserver-2935-open.html
    Or copy and paste one of these URLs:
        http://localhost:8888/?token=014a75530bafee728b462b4a29cfa6dbdd5dfb0ddb6c3cbd
     or http://127.0.0.1:8888/?token=014a75530bafee728b462b4a29cfa6dbdd5dfb0ddb6c3cbd
[I 14:01:14.411 NotebookApp] Kernel started: d5ed4a41-18b9-4be7-90d9-cdf892d321a2
[I 14:03:14.411 NotebookApp] Saving file at /FCNet.ipynb
[I 14:15:14.378 NotebookApp] Saving file at /FCNet.ipynb
[I 14:29:29.965 NotebookApp] Starting buffering for d5ed4a41-18b9-4be7-90d9-cdf892d321a2:e93f6af636e34028849ea5b7beea5230
[I 14:29:30.479 NotebookApp] Kernel restarted: d5ed4a41-18b9-4be7-90d9-cdf892d321a2
[I 14:29:33.269 NotebookApp] Restoring connection for d5ed4a41-18b9-4be7-90d9-cdf892d321a2:e93f6af636e34028849ea5b7beea5230
[I 14:29:33.269 NotebookApp] Replaying 6 buffered messages
[I 14:31:14.424 NotebookApp] Saving file at /FCNet.ipynb
[I 14:33:14.415 NotebookApp] Saving file at /FCNet.ipynb
[I 14:35:14.347 NotebookApp] Saving file at /FCNet.ipynb
[I 14:37:14.340 NotebookApp] Saving file at /FCNet.ipynb
[I 14:39:14.338 NotebookApp] Saving file at /FCNet.ipynb
[I 14:41:14.345 NotebookApp] Saving file at /FCNet.ipynb
[I 14:43:14.345 NotebookApp] Saving file at /FCNet.ipynb
[I 14:45:14.339 NotebookApp] Saving file at /FCNet.ipynb
[I 14:47:14.345 NotebookApp] Saving file at /FCNet.ipynb
[I 14:47:42.344 NotebookApp] Saving file at /FCNet.ipynb
[I 14:49:14.338 NotebookApp] Saving file at /FCNet.ipynb
[I 14:51:14.340 NotebookApp] Saving file at /FCNet.ipynb
[I 14:53:14.329 NotebookApp] Saving file at /FCNet.ipynb
[I 14:55:14.342 NotebookApp] Saving file at /FCNet.ipynb
[I 14:57:14.327 NotebookApp] Saving file at /FCNet.ipynb
[I 14:57:37.995 NotebookApp] Starting buffering for d5ed4a41-18b9-4be7-90d9-cdf892d321a2:e93f6af636e34028849ea5b7beea5230
[I 14:57:43.034 NotebookApp] Kernel restarted: d5ed4a41-18b9-4be7-90d9-cdf892d321a2
[I 14:57:46.632 NotebookApp] Restoring connection for d5ed4a41-18b9-4be7-90d9-cdf892d321a2:e93f6af636e34028849ea5b7beea5230
[I 14:57:46.632 NotebookApp] Replaying 4 buffered messages
[I 14:59:06.549 NotebookApp] Starting buffering for d5ed4a41-18b9-4be7-90d9-cdf892d321a2:e93f6af636e34028849ea5b7beea5230
[I 14:59:11.615 NotebookApp] Kernel restarted: d5ed4a41-18b9-4be7-90d9-cdf892d321a2
[I 14:59:14.378 NotebookApp] Saving file at /FCNet.ipynb
[I 14:59:15.368 NotebookApp] Restoring connection for d5ed4a41-18b9-4be7-90d9-cdf892d321a2:e93f6af636e34028849ea5b7beea5230
[I 14:59:15.368 NotebookApp] Replaying 4 buffered messages
[I 15:01:14.332 NotebookApp] Saving file at /FCNet.ipynb
[I 15:03:14.347 NotebookApp] Saving file at /FCNet.ipynb
[I 15:04:34.244 NotebookApp] Starting buffering for d5ed4a41-18b9-4be7-90d9-cdf892d321a2:e93f6af636e34028849ea5b7beea5230
[I 15:04:39.357 NotebookApp] Kernel restarted: d5ed4a41-18b9-4be7-90d9-cdf892d321a2
[I 15:04:42.592 NotebookApp] Restoring connection for d5ed4a41-18b9-4be7-90d9-cdf892d321a2:e93f6af636e34028849ea5b7beea5230
[I 15:04:42.592 NotebookApp] Replaying 4 buffered messages
[I 15:05:14.325 NotebookApp] Saving file at /FCNet.ipynb
[I 15:07:14.330 NotebookApp] Saving file at /FCNet.ipynb
[I 15:09:14.408 NotebookApp] Saving file at /FCNet.ipynb
[I 15:11:14.420 NotebookApp] Saving file at /FCNet.ipynb
[I 15:13:14.418 NotebookApp] Saving file at /FCNet.ipynb
[I 15:15:14.326 NotebookApp] Saving file at /FCNet.ipynb
[I 15:17:14.416 NotebookApp] Saving file at /FCNet.ipynb
[I 15:19:14.416 NotebookApp] Saving file at /FCNet.ipynb
[I 15:21:14.410 NotebookApp] Saving file at /FCNet.ipynb
[I 15:23:14.407 NotebookApp] Saving file at /FCNet.ipynb
[I 15:25:14.438 NotebookApp] Saving file at /FCNet.ipynb
[I 15:27:14.408 NotebookApp] Saving file at /FCNet.ipynb
[I 15:29:14.349 NotebookApp] Saving file at /FCNet.ipynb
[I 15:29:20.948 NotebookApp] Starting buffering for d5ed4a41-18b9-4be7-90d9-cdf892d321a2:e93f6af636e34028849ea5b7beea5230
[I 15:29:25.995 NotebookApp] Kernel restarted: d5ed4a41-18b9-4be7-90d9-cdf892d321a2
[I 15:29:26.469 NotebookApp] Restoring connection for d5ed4a41-18b9-4be7-90d9-cdf892d321a2:e93f6af636e34028849ea5b7beea5230
[I 15:31:14.340 NotebookApp] Saving file at /FCNet.ipynb
[I 15:33:14.325 NotebookApp] Saving file at /FCNet.ipynb
[I 15:33:37.662 NotebookApp] Kernel interrupted: d5ed4a41-18b9-4be7-90d9-cdf892d321a2
[I 15:35:14.338 NotebookApp] Saving file at /FCNet.ipynb
[I 15:36:20.218 NotebookApp] Kernel interrupted: d5ed4a41-18b9-4be7-90d9-cdf892d321a2
[I 15:36:45.187 NotebookApp] Kernel interrupted: d5ed4a41-18b9-4be7-90d9-cdf892d321a2
[I 15:37:14.335 NotebookApp] Saving file at /FCNet.ipynb
[I 15:37:39.131 NotebookApp] Kernel interrupted: d5ed4a41-18b9-4be7-90d9-cdf892d321a2
[I 15:39:14.327 NotebookApp] Saving file at /FCNet.ipynb
[I 15:41:14.349 NotebookApp] Saving file at /FCNet.ipynb
[I 15:43:14.340 NotebookApp] Saving file at /FCNet.ipynb
[I 15:45:14.343 NotebookApp] Saving file at /FCNet.ipynb
[I 15:47:14.351 NotebookApp] Saving file at /FCNet.ipynb
[I 15:49:14.351 NotebookApp] Saving file at /FCNet.ipynb
[I 15:51:14.352 NotebookApp] Saving file at /FCNet.ipynb
[I 15:53:14.359 NotebookApp] Saving file at /FCNet.ipynb
[I 15:55:14.362 NotebookApp] Saving file at /FCNet.ipynb
[I 15:57:14.361 NotebookApp] Saving file at /FCNet.ipynb
[I 15:59:14.363 NotebookApp] Saving file at /FCNet.ipynb
[I 16:01:14.382 NotebookApp] Saving file at /FCNet.ipynb
[I 16:03:14.378 NotebookApp] Saving file at /FCNet.ipynb
[I 16:05:14.369 NotebookApp] Saving file at /FCNet.ipynb
[I 16:07:14.381 NotebookApp] Saving file at /FCNet.ipynb
[I 16:09:14.386 NotebookApp] Saving file at /FCNet.ipynb
[I 16:11:14.377 NotebookApp] Saving file at /FCNet.ipynb
[I 16:13:14.375 NotebookApp] Saving file at /FCNet.ipynb
[I 16:15:14.411 NotebookApp] Saving file at /FCNet.ipynb
[I 16:17:14.383 NotebookApp] Saving file at /FCNet.ipynb
[I 16:19:14.389 NotebookApp] Saving file at /FCNet.ipynb
[I 16:21:14.389 NotebookApp] Saving file at /FCNet.ipynb
[I 16:23:14.406 NotebookApp] Saving file at /FCNet.ipynb
[I 16:25:14.390 NotebookApp] Saving file at /FCNet.ipynb
[I 16:27:14.401 NotebookApp] Saving file at /FCNet.ipynb
[I 16:29:14.402 NotebookApp] Saving file at /FCNet.ipynb
[I 16:31:14.398 NotebookApp] Saving file at /FCNet.ipynb
[I 16:33:14.387 NotebookApp] Saving file at /FCNet.ipynb
[I 16:35:14.421 NotebookApp] Saving file at /FCNet.ipynb
[I 16:37:14.432 NotebookApp] Saving file at /FCNet.ipynb
[I 16:39:14.429 NotebookApp] Saving file at /FCNet.ipynb
[I 16:41:14.438 NotebookApp] Saving file at /FCNet.ipynb
[I 16:43:14.455 NotebookApp] Saving file at /FCNet.ipynb
[I 16:45:14.438 NotebookApp] Saving file at /FCNet.ipynb
[I 16:47:14.444 NotebookApp] Saving file at /FCNet.ipynb
[I 16:49:14.453 NotebookApp] Saving file at /FCNet.ipynb
[I 16:51:14.440 NotebookApp] Saving file at /FCNet.ipynb
[I 16:53:14.464 NotebookApp] Saving file at /FCNet.ipynb
[I 16:55:14.477 NotebookApp] Saving file at /FCNet.ipynb
[I 16:57:14.466 NotebookApp] Saving file at /FCNet.ipynb
[I 16:59:14.465 NotebookApp] Saving file at /FCNet.ipynb
[I 17:01:14.502 NotebookApp] Saving file at /FCNet.ipynb
[I 17:03:14.477 NotebookApp] Saving file at /FCNet.ipynb
[I 17:05:14.470 NotebookApp] Saving file at /FCNet.ipynb
[I 17:07:14.475 NotebookApp] Saving file at /FCNet.ipynb
[I 17:09:14.486 NotebookApp] Saving file at /FCNet.ipynb
[I 17:11:14.523 NotebookApp] Saving file at /FCNet.ipynb
[I 17:13:14.500 NotebookApp] Saving file at /FCNet.ipynb
[I 17:15:14.517 NotebookApp] Saving file at /FCNet.ipynb
[I 17:17:14.493 NotebookApp] Saving file at /FCNet.ipynb
[I 17:19:14.495 NotebookApp] Saving file at /FCNet.ipynb
[I 17:21:14.479 NotebookApp] Saving file at /FCNet.ipynb
[I 17:23:14.488 NotebookApp] Saving file at /FCNet.ipynb
[I 17:25:14.527 NotebookApp] Saving file at /FCNet.ipynb
[I 17:27:14.501 NotebookApp] Saving file at /FCNet.ipynb
[I 17:29:14.503 NotebookApp] Saving file at /FCNet.ipynb
[I 17:31:14.520 NotebookApp] Saving file at /FCNet.ipynb
[I 17:33:14.548 NotebookApp] Saving file at /FCNet.ipynb
[I 17:35:14.496 NotebookApp] Saving file at /FCNet.ipynb
[I 17:37:14.524 NotebookApp] Saving file at /FCNet.ipynb
[I 17:39:14.557 NotebookApp] Saving file at /FCNet.ipynb
[I 17:41:14.537 NotebookApp] Saving file at /FCNet.ipynb
[I 17:43:14.562 NotebookApp] Saving file at /FCNet.ipynb
[I 17:45:14.534 NotebookApp] Saving file at /FCNet.ipynb
[I 17:47:14.572 NotebookApp] Saving file at /FCNet.ipynb
[I 17:49:14.569 NotebookApp] Saving file at /FCNet.ipynb
[I 17:51:14.543 NotebookApp] Saving file at /FCNet.ipynb
[I 17:53:14.569 NotebookApp] Saving file at /FCNet.ipynb
[I 17:55:14.545 NotebookApp] Saving file at /FCNet.ipynb
[I 17:57:14.541 NotebookApp] Saving file at /FCNet.ipynb
[I 17:59:14.563 NotebookApp] Saving file at /FCNet.ipynb
[I 18:01:14.610 NotebookApp] Saving file at /FCNet.ipynb
[I 18:03:14.593 NotebookApp] Saving file at /FCNet.ipynb
[I 18:05:14.583 NotebookApp] Saving file at /FCNet.ipynb
[I 18:07:14.583 NotebookApp] Saving file at /FCNet.ipynb
[I 18:09:14.530 NotebookApp] Saving file at /FCNet.ipynb
[I 18:11:14.585 NotebookApp] Saving file at /FCNet.ipynb
[I 18:13:14.565 NotebookApp] Saving file at /FCNet.ipynb
[I 18:15:14.624 NotebookApp] Saving file at /FCNet.ipynb
[I 18:17:14.612 NotebookApp] Saving file at /FCNet.ipynb
[I 18:19:14.602 NotebookApp] Saving file at /FCNet.ipynb
[I 18:21:14.609 NotebookApp] Saving file at /FCNet.ipynb
[I 18:23:14.617 NotebookApp] Saving file at /FCNet.ipynb
[I 18:25:14.553 NotebookApp] Saving file at /FCNet.ipynb
[I 18:27:14.601 NotebookApp] Saving file at /FCNet.ipynb
[I 18:29:14.598 NotebookApp] Saving file at /FCNet.ipynb
[I 18:31:14.629 NotebookApp] Saving file at /FCNet.ipynb
[I 18:33:14.588 NotebookApp] Saving file at /FCNet.ipynb
[I 18:35:14.610 NotebookApp] Saving file at /FCNet.ipynb
[I 18:37:14.637 NotebookApp] Saving file at /FCNet.ipynb
[I 18:39:14.567 NotebookApp] Saving file at /FCNet.ipynb
[I 18:41:14.654 NotebookApp] Saving file at /FCNet.ipynb
[I 18:43:14.660 NotebookApp] Saving file at /FCNet.ipynb
[I 18:45:14.655 NotebookApp] Saving file at /FCNet.ipynb
[I 18:47:14.623 NotebookApp] Saving file at /FCNet.ipynb
[I 18:49:14.642 NotebookApp] Saving file at /FCNet.ipynb
[I 18:51:14.646 NotebookApp] Saving file at /FCNet.ipynb
[I 18:53:14.644 NotebookApp] Saving file at /FCNet.ipynb
[I 18:55:14.651 NotebookApp] Saving file at /FCNet.ipynb
[I 18:57:14.676 NotebookApp] Saving file at /FCNet.ipynb
[I 18:59:14.618 NotebookApp] Saving file at /FCNet.ipynb
[I 19:01:14.625 NotebookApp] Saving file at /FCNet.ipynb
[I 19:03:14.677 NotebookApp] Saving file at /FCNet.ipynb
[I 19:05:14.657 NotebookApp] Saving file at /FCNet.ipynb
[I 19:07:14.665 NotebookApp] Saving file at /FCNet.ipynb
[I 19:09:14.643 NotebookApp] Saving file at /FCNet.ipynb
[I 19:11:14.635 NotebookApp] Saving file at /FCNet.ipynb
[I 19:13:14.627 NotebookApp] Saving file at /FCNet.ipynb
[I 19:15:14.681 NotebookApp] Saving file at /FCNet.ipynb
[I 19:17:14.704 NotebookApp] Saving file at /FCNet.ipynb
[I 19:19:14.594 NotebookApp] Saving file at /FCNet.ipynb
[I 19:21:14.724 NotebookApp] Saving file at /FCNet.ipynb
[I 19:23:14.668 NotebookApp] Saving file at /FCNet.ipynb
[I 19:25:14.705 NotebookApp] Saving file at /FCNet.ipynb
[I 19:27:14.613 NotebookApp] Saving file at /FCNet.ipynb
[I 19:29:14.625 NotebookApp] Saving file at /FCNet.ipynb
[I 19:31:14.717 NotebookApp] Saving file at /FCNet.ipynb
[I 19:33:14.687 NotebookApp] Saving file at /FCNet.ipynb
[I 19:35:14.716 NotebookApp] Saving file at /FCNet.ipynb
[I 19:37:14.719 NotebookApp] Saving file at /FCNet.ipynb
[I 19:39:14.710 NotebookApp] Saving file at /FCNet.ipynb
[I 19:41:14.617 NotebookApp] Saving file at /FCNet.ipynb
[I 19:43:14.730 NotebookApp] Saving file at /FCNet.ipynb
[I 19:45:14.755 NotebookApp] Saving file at /FCNet.ipynb
[I 19:47:14.770 NotebookApp] Saving file at /FCNet.ipynb
[I 19:49:14.755 NotebookApp] Saving file at /FCNet.ipynb
[I 19:51:14.753 NotebookApp] Saving file at /FCNet.ipynb
[I 19:53:14.756 NotebookApp] Saving file at /FCNet.ipynb
[I 19:55:14.781 NotebookApp] Saving file at /FCNet.ipynb
[I 19:57:14.766 NotebookApp] Saving file at /FCNet.ipynb
[I 19:59:14.755 NotebookApp] Saving file at /FCNet.ipynb
[I 20:01:14.774 NotebookApp] Saving file at /FCNet.ipynb
[I 20:03:14.783 NotebookApp] Saving file at /FCNet.ipynb
[I 20:05:14.733 NotebookApp] Saving file at /FCNet.ipynb
[I 20:07:14.757 NotebookApp] Saving file at /FCNet.ipynb
[I 20:09:14.757 NotebookApp] Saving file at /FCNet.ipynb
[I 20:11:14.799 NotebookApp] Saving file at /FCNet.ipynb
[I 20:13:14.788 NotebookApp] Saving file at /FCNet.ipynb
[I 20:15:14.770 NotebookApp] Saving file at /FCNet.ipynb
[I 20:17:14.808 NotebookApp] Saving file at /FCNet.ipynb
[I 20:19:14.794 NotebookApp] Saving file at /FCNet.ipynb
[I 20:21:14.776 NotebookApp] Saving file at /FCNet.ipynb
[I 20:23:14.690 NotebookApp] Saving file at /FCNet.ipynb
[I 20:25:14.889 NotebookApp] Saving file at /FCNet.ipynb
[I 20:27:14.687 NotebookApp] Saving file at /FCNet.ipynb
[I 20:29:14.804 NotebookApp] Saving file at /FCNet.ipynb
[I 20:31:14.787 NotebookApp] Saving file at /FCNet.ipynb
[I 20:33:14.807 NotebookApp] Saving file at /FCNet.ipynb
[I 20:35:14.749 NotebookApp] Saving file at /FCNet.ipynb
[I 20:37:14.643 NotebookApp] Saving file at /FCNet.ipynb
[I 20:39:14.775 NotebookApp] Saving file at /FCNet.ipynb
[I 20:41:14.797 NotebookApp] Saving file at /FCNet.ipynb
[I 20:43:14.938 NotebookApp] Saving file at /FCNet.ipynb
[I 20:45:14.807 NotebookApp] Saving file at /FCNet.ipynb
[I 20:47:14.916 NotebookApp] Saving file at /FCNet.ipynb
[I 20:49:14.801 NotebookApp] Saving file at /FCNet.ipynb
[I 20:51:14.833 NotebookApp] Saving file at /FCNet.ipynb
[I 20:53:14.787 NotebookApp] Saving file at /FCNet.ipynb
[I 20:55:14.776 NotebookApp] Saving file at /FCNet.ipynb
[I 20:57:14.806 NotebookApp] Saving file at /FCNet.ipynb
[I 20:59:14.739 NotebookApp] Saving file at /FCNet.ipynb
[I 21:01:14.809 NotebookApp] Saving file at /FCNet.ipynb
[I 21:03:14.811 NotebookApp] Saving file at /FCNet.ipynb
[I 21:05:14.799 NotebookApp] Saving file at /FCNet.ipynb
[I 21:07:14.801 NotebookApp] Saving file at /FCNet.ipynb
[I 21:09:14.809 NotebookApp] Saving file at /FCNet.ipynb
[I 21:11:14.809 NotebookApp] Saving file at /FCNet.ipynb
[I 21:13:14.798 NotebookApp] Saving file at /FCNet.ipynb
[I 21:15:14.680 NotebookApp] Saving file at /FCNet.ipynb
[I 21:17:14.805 NotebookApp] Saving file at /FCNet.ipynb
[I 21:19:14.792 NotebookApp] Saving file at /FCNet.ipynb
[I 21:21:14.796 NotebookApp] Saving file at /FCNet.ipynb
[I 21:23:14.844 NotebookApp] Saving file at /FCNet.ipynb
[I 21:25:14.829 NotebookApp] Saving file at /FCNet.ipynb
[I 21:27:14.870 NotebookApp] Saving file at /FCNet.ipynb
[I 21:29:14.790 NotebookApp] Saving file at /FCNet.ipynb
[I 21:31:14.834 NotebookApp] Saving file at /FCNet.ipynb
[I 21:33:14.857 NotebookApp] Saving file at /FCNet.ipynb
[I 21:35:14.839 NotebookApp] Saving file at /FCNet.ipynb
[I 21:37:14.765 NotebookApp] Saving file at /FCNet.ipynb
[I 21:39:14.853 NotebookApp] Saving file at /FCNet.ipynb
[I 21:41:14.863 NotebookApp] Saving file at /FCNet.ipynb
[I 21:43:14.776 NotebookApp] Saving file at /FCNet.ipynb
[I 21:45:14.726 NotebookApp] Saving file at /FCNet.ipynb
[I 21:47:14.884 NotebookApp] Saving file at /FCNet.ipynb
[I 21:49:14.801 NotebookApp] Saving file at /FCNet.ipynb
[I 21:51:14.865 NotebookApp] Saving file at /FCNet.ipynb
[I 21:53:14.863 NotebookApp] Saving file at /FCNet.ipynb
[I 21:55:14.890 NotebookApp] Saving file at /FCNet.ipynb
[I 21:57:14.828 NotebookApp] Saving file at /FCNet.ipynb
[I 21:59:14.880 NotebookApp] Saving file at /FCNet.ipynb
[I 22:01:14.717 NotebookApp] Saving file at /FCNet.ipynb
[I 22:03:14.816 NotebookApp] Saving file at /FCNet.ipynb
[I 22:05:14.902 NotebookApp] Saving file at /FCNet.ipynb
[I 22:07:14.815 NotebookApp] Saving file at /FCNet.ipynb
[I 22:09:14.917 NotebookApp] Saving file at /FCNet.ipynb
[I 22:11:14.929 NotebookApp] Saving file at /FCNet.ipynb
[I 22:13:14.853 NotebookApp] Saving file at /FCNet.ipynb
[I 22:15:14.951 NotebookApp] Saving file at /FCNet.ipynb
[I 22:17:14.933 NotebookApp] Saving file at /FCNet.ipynb
[I 22:19:14.811 NotebookApp] Saving file at /FCNet.ipynb
[I 22:21:14.951 NotebookApp] Saving file at /FCNet.ipynb
[I 22:23:14.807 NotebookApp] Saving file at /FCNet.ipynb
[I 22:25:14.973 NotebookApp] Saving file at /FCNet.ipynb
[I 22:27:14.819 NotebookApp] Saving file at /FCNet.ipynb
[I 22:29:14.937 NotebookApp] Saving file at /FCNet.ipynb
[I 22:31:14.829 NotebookApp] Saving file at /FCNet.ipynb
[I 22:33:14.975 NotebookApp] Saving file at /FCNet.ipynb
[I 22:35:14.978 NotebookApp] Saving file at /FCNet.ipynb
[I 22:37:14.899 NotebookApp] Saving file at /FCNet.ipynb
[I 22:39:14.990 NotebookApp] Saving file at /FCNet.ipynb
[I 22:41:14.980 NotebookApp] Saving file at /FCNet.ipynb
[I 22:43:14.864 NotebookApp] Saving file at /FCNet.ipynb
[I 22:45:15.026 NotebookApp] Saving file at /FCNet.ipynb
[I 22:47:14.981 NotebookApp] Saving file at /FCNet.ipynb
[I 22:49:14.911 NotebookApp] Saving file at /FCNet.ipynb
[I 22:51:14.929 NotebookApp] Saving file at /FCNet.ipynb
[I 22:53:15.054 NotebookApp] Saving file at /FCNet.ipynb
[I 22:55:15.052 NotebookApp] Saving file at /FCNet.ipynb
[I 22:57:14.968 NotebookApp] Saving file at /FCNet.ipynb
[I 22:59:15.085 NotebookApp] Saving file at /FCNet.ipynb
[I 23:01:14.982 NotebookApp] Saving file at /FCNet.ipynb
[I 23:03:15.047 NotebookApp] Saving file at /FCNet.ipynb
[I 23:05:14.910 NotebookApp] Saving file at /FCNet.ipynb
[I 23:07:15.071 NotebookApp] Saving file at /FCNet.ipynb
[I 23:09:15.102 NotebookApp] Saving file at /FCNet.ipynb
[I 23:11:15.075 NotebookApp] Saving file at /FCNet.ipynb
[I 23:13:14.975 NotebookApp] Saving file at /FCNet.ipynb
[I 23:15:15.075 NotebookApp] Saving file at /FCNet.ipynb
[I 23:17:14.933 NotebookApp] Saving file at /FCNet.ipynb
[I 23:19:15.054 NotebookApp] Saving file at /FCNet.ipynb
[I 23:21:15.065 NotebookApp] Saving file at /FCNet.ipynb
[I 23:23:15.092 NotebookApp] Saving file at /FCNet.ipynb
[I 23:25:15.023 NotebookApp] Saving file at /FCNet.ipynb
[I 23:27:15.110 NotebookApp] Saving file at /FCNet.ipynb
[I 23:29:15.020 NotebookApp] Saving file at /FCNet.ipynb
[I 23:31:15.127 NotebookApp] Saving file at /FCNet.ipynb
[I 23:33:14.988 NotebookApp] Saving file at /FCNet.ipynb
[I 23:35:15.060 NotebookApp] Saving file at /FCNet.ipynb
[I 23:37:15.153 NotebookApp] Saving file at /FCNet.ipynb
[I 23:39:15.130 NotebookApp] Saving file at /FCNet.ipynb
[I 23:41:15.110 NotebookApp] Saving file at /FCNet.ipynb
[I 23:43:15.053 NotebookApp] Saving file at /FCNet.ipynb
[I 23:45:15.135 NotebookApp] Saving file at /FCNet.ipynb
[I 23:47:15.124 NotebookApp] Saving file at /FCNet.ipynb
[I 23:49:15.128 NotebookApp] Saving file at /FCNet.ipynb
[I 23:51:14.971 NotebookApp] Saving file at /FCNet.ipynb
[I 23:53:14.882 NotebookApp] Saving file at /FCNet.ipynb
[I 23:55:15.079 NotebookApp] Saving file at /FCNet.ipynb
[I 23:57:15.073 NotebookApp] Saving file at /FCNet.ipynb
[I 23:59:15.105 NotebookApp] Saving file at /FCNet.ipynb
[I 00:00:06.876 NotebookApp] Starting buffering for d5ed4a41-18b9-4be7-90d9-cdf892d321a2:e93f6af636e34028849ea5b7beea5230
[I 00:00:11.973 NotebookApp] Kernel restarted: d5ed4a41-18b9-4be7-90d9-cdf892d321a2
[I 00:00:19.426 NotebookApp] Restoring connection for d5ed4a41-18b9-4be7-90d9-cdf892d321a2:e93f6af636e34028849ea5b7beea5230
[I 00:00:19.427 NotebookApp] Replaying 4 buffered messages
[I 00:01:14.340 NotebookApp] Saving file at /FCNet.ipynb
[I 00:03:52.878 NotebookApp] Saving file at /FCNet.ipynb
[I 00:11:30.453 NotebookApp] Saving file at /FCNet.ipynb
[I 00:12:12.427 NotebookApp] Saving file at /FCNet.ipynb
[I 00:19:00.469 NotebookApp] Saving file at /FCNet.ipynb
[I 00:26:30.497 NotebookApp] Saving file at /FCNet.ipynb
[I 00:34:00.519 NotebookApp] Saving file at /FCNet.ipynb
[I 00:41:30.547 NotebookApp] Saving file at /FCNet.ipynb
[I 00:49:01.922 NotebookApp] Saving file at /FCNet.ipynb
[I 00:53:48.564 NotebookApp] Starting buffering for d5ed4a41-18b9-4be7-90d9-cdf892d321a2:e93f6af636e34028849ea5b7beea5230
[I 00:53:53.600 NotebookApp] Kernel restarted: d5ed4a41-18b9-4be7-90d9-cdf892d321a2
[I 00:53:56.571 NotebookApp] Restoring connection for d5ed4a41-18b9-4be7-90d9-cdf892d321a2:e93f6af636e34028849ea5b7beea5230
[I 00:53:56.571 NotebookApp] Replaying 6 buffered messages
[I 00:56:30.416 NotebookApp] Saving file at /FCNet.ipynb
[I 00:57:22.156 NotebookApp] Starting buffering for d5ed4a41-18b9-4be7-90d9-cdf892d321a2:e93f6af636e34028849ea5b7beea5230
[I 00:57:22.467 NotebookApp] Kernel restarted: d5ed4a41-18b9-4be7-90d9-cdf892d321a2
[I 00:57:22.926 NotebookApp] Restoring connection for d5ed4a41-18b9-4be7-90d9-cdf892d321a2:e93f6af636e34028849ea5b7beea5230
[I 00:57:22.926 NotebookApp] Replaying 6 buffered messages
[I 01:04:01.503 NotebookApp] Saving file at /FCNet.ipynb
[I 01:11:31.451 NotebookApp] Saving file at /FCNet.ipynb
[I 01:19:01.511 NotebookApp] Saving file at /FCNet.ipynb
[I 01:26:31.578 NotebookApp] Saving file at /FCNet.ipynb
[I 01:34:00.512 NotebookApp] Saving file at /FCNet.ipynb
[I 01:41:30.566 NotebookApp] Saving file at /FCNet.ipynb
[I 01:49:00.502 NotebookApp] Saving file at /FCNet.ipynb
